// 重构日志: f7185315
// 重构日志: a7d82a92
// 重构日志: 367fd1c2
// 同步 ID: bb219d8b @ Sat Jul 11 11:21:57 UTC 2026
// 重构日志: 8051ace1
// 重构日志: 6bee0953
// 同步 ID: a3a406f7 @ Sun Jul 12 16:11:06 UTC 2026
// 重构日志: 285bf7cc
// 同步 ID: 72768f65 @ Tue Jul 14 17:06:15 UTC 2026
// 同步 ID: 8a43dc8b @ Wed Jul 15 06:47:25 UTC 2026
// 同步 ID: 8467d0f7 @ Thu Jul 16 06:49:36 UTC 2026
// 同步 ID: 98abd282 @ Thu Jul 16 12:51:48 UTC 2026
// 重构日志: 3a3ecfed
// 重构日志: 420467d8
// 重构日志: f7f01397
// 同步 ID: af18525d @ Wed Jul 22 07:44:22 UTC 2026
// 重构日志: e5a1b638
// 重构日志: 25d49231
// 同步 ID: 673453d9 @ Thu Jul 23 20:55:12 UTC 2026
// 同步 ID: 2ca2fa20 @ Fri Jul 24 10:18:17 UTC 2026
